<?xml version="1.0" encoding="UTF-8"?>
<!-- Generated by org.testng.reporters.JUnitXMLReporter -->
<testsuite ignored="0" hostname="DESKTOP-Q82T3AI" failures="2" tests="4" name="Test" time="0.157" errors="0" timestamp="2023-08-29T19:06:00 IST">
  <testcase classname="testNGListerners.MyTest" name="a" time="0.027">
    <failure type="java.lang.AssertionError" message="null">
      <![CDATA[java.lang.AssertionError: null
at testNGListerners.MyTest.a(MyTest.java:14)
at java.base/java.util.ArrayList.forEach(ArrayList.java:1511)
... Removed 27 stack frames]]>
    </failure>
  </testcase> <!-- a -->
  <testcase classname="testNGListerners.MyTest" name="b" time="0.004"/>
  <testcase classname="testNGListerners.MyTest" name="c" time="0.005">
    <failure type="java.lang.AssertionError" message="null">
      <![CDATA[java.lang.AssertionError: null
at testNGListerners.MyTest.c(MyTest.java:27)
at java.base/java.util.ArrayList.forEach(ArrayList.java:1511)
... Removed 27 stack frames]]>
    </failure>
  </testcase> <!-- c -->
  <testcase classname="testNGListerners.MyTest" name="d" time="0.014"/>
</testsuite> <!-- Test -->
